Build started 1/6/2014 5:00:44 PM.
     1>Project "C:\biopacvideo\VideoWrapper\VideoWrapper.vcxproj" on node 2 (build target(s)).
     1>C:\Program Files\MSBuild\Microsoft.Cpp\v4.0\Microsoft.CppBuild.targets(299,5): warning MSB8004: Output Directory does not end with a trailing slash.  This build instance will add the slash as it is required to allow proper evaluation of the Output Directory.
     1>InitializeBuildStatus:
         Creating "Debug\VideoWrapper.unsuccessfulbuild" because "AlwaysCreate" was specified.
       ClCompile:
         C:\Program Files\Microsoft Visual Studio 10.0\VC\bin\CL.exe /c /ZI /nologo /W3 /WX- /Od /Oy- /D WIN32 /D _WINDOWS /D _DEBUG /D _USRDLL /D _WINDLL /D _UNICODE /D UNICODE /D _AFXDLL /Gm /EHsc /RTC1 /MDd /GS /fp:precise /Zc:wchar_t /Zc:forScope /Yc"StdAfx.h" /Fp"Debug\VideoWrapper.pch" /Fo"Debug\\" /Fd"Debug\vc100.pdb" /Gz /TP /analyze- /errorReport:prompt stdafx.cpp
         stdafx.cpp
         C:\Program Files\Microsoft Visual Studio 10.0\VC\bin\CL.exe /c /ZI /nologo /W3 /WX- /Od /Oy- /D WIN32 /D _WINDOWS /D _DEBUG /D _USRDLL /D _WINDLL /D _UNICODE /D UNICODE /D _AFXDLL /Gm /EHsc /RTC1 /MDd /GS /fp:precise /Zc:wchar_t /Zc:forScope /Yu"StdAfx.h" /Fp"Debug\VideoWrapper.pch" /Fo"Debug\\" /Fd"Debug\vc100.pdb" /Gz /TP /analyze- /errorReport:prompt VideoWrapper.cpp
         VideoWrapper.cpp
       ResourceCompile:
         C:\Program Files\Microsoft SDKs\Windows\v7.0A\bin\rc.exe /D _DEBUG /D _UNICODE /D UNICODE /D _AFXDLL /l"0x0409" /IDebug\ /nologo /fo"Debug\VideoWrapper.res" VideoWrapper.rc 
       ManifestResourceCompile:
         C:\Program Files\Microsoft SDKs\Windows\v7.0A\bin\rc.exe /nologo /fo"Debug\VideoWrapper.dll.embed.manifest.res" Debug\VideoWrapper_manifest.rc 
       Link:
         C:\Program Files\Microsoft Visual Studio 10.0\VC\bin\link.exe /ERRORREPORT:PROMPT /OUT:"..\BioPacVideo\bin\Debug\VideoWrapper.dll" /INCREMENTAL /NOLOGO /DEF:".\VideoWrapper.def" /MANIFEST /ManifestFile:"Debug\VideoWrapper.dll.intermediate.manifest" /MANIFESTUAC:"level='asInvoker' uiAccess='false'" /DEBUG /PDB:"C:\biopacvideo\BioPacVideo\bin\Debug\VideoWrapper.pdb" /SUBSYSTEM:WINDOWS /TLBID:1 /DYNAMICBASE /NXCOMPAT /IMPLIB:"..\BioPacVideo\bin\Debug\VideoWrapper.lib" /MACHINE:X86 /DLL Debug\VideoWrapper.res
         Debug\VideoWrapper.dll.embed.manifest.res
         Debug\stdafx.obj
         Debug\VideoWrapper.obj
            Creating library ..\BioPacVideo\bin\Debug\VideoWrapper.lib and object ..\BioPacVideo\bin\Debug\VideoWrapper.exp
       Manifest:
         C:\Program Files\Microsoft SDKs\Windows\v7.0A\bin\mt.exe /nologo /verbose /out:"Debug\VideoWrapper.dll.embed.manifest" /manifest Debug\VideoWrapper.dll.intermediate.manifest "C:\Program Files\Microsoft Visual Studio 10.0\VC\Include\Manifest\dpiaware.manifest"
         C:\Program Files\Microsoft SDKs\Windows\v7.0A\bin\rc.exe /nologo /fo"Debug\VideoWrapper.dll.embed.manifest.res" Debug\VideoWrapper_manifest.rc 
       LinkEmbedManifest:
         C:\Program Files\Microsoft Visual Studio 10.0\VC\bin\link.exe /ERRORREPORT:PROMPT /OUT:"..\BioPacVideo\bin\Debug\VideoWrapper.dll" /INCREMENTAL /NOLOGO /DEF:".\VideoWrapper.def" /MANIFEST /ManifestFile:"Debug\VideoWrapper.dll.intermediate.manifest" /MANIFESTUAC:"level='asInvoker' uiAccess='false'" /DEBUG /PDB:"C:\biopacvideo\BioPacVideo\bin\Debug\VideoWrapper.pdb" /SUBSYSTEM:WINDOWS /TLBID:1 /DYNAMICBASE /NXCOMPAT /IMPLIB:"..\BioPacVideo\bin\Debug\VideoWrapper.lib" /MACHINE:X86 /DLL Debug\VideoWrapper.res
         Debug\VideoWrapper.dll.embed.manifest.res
         Debug\stdafx.obj
         Debug\VideoWrapper.obj
            Creating library ..\BioPacVideo\bin\Debug\VideoWrapper.lib and object ..\BioPacVideo\bin\Debug\VideoWrapper.exp
         VideoWrapper.vcxproj -> C:\biopacvideo\VideoWrapper\..\BioPacVideo\bin\Debug\VideoWrapper.dll
       FinalizeBuildStatus:
         Deleting file "Debug\VideoWrapper.unsuccessfulbuild".
         Touching "Debug\VideoWrapper.lastbuildstate".
     1>Done Building Project "C:\biopacvideo\VideoWrapper\VideoWrapper.vcxproj" (build target(s)).

Build succeeded.

Time Elapsed 00:00:11.79
